<?xml version="1.0" encoding="UTF-8"?>
<testng-results ignored="0" total="1" passed="1" failed="0" skipped="0">
  <reporter-output>
  </reporter-output>
  <suite started-at="2026-07-10T16:43:35 ICT" name="Default suite" finished-at="2026-07-10T16:47:14 ICT" duration-ms="218264">
    <groups>
      <group name="cucumber">
        <method signature="AbstractTestNGCucumberTests.runScenario(io.cucumber.testng.PickleWrapper,io.cucumber.testng.FeatureWrapper)[pri:0, instance:runners.TestRunner@78830d9a]" name="runScenario" class="io.cucumber.testng.AbstractTestNGCucumberTests"/>
      </group> <!-- cucumber -->
    </groups>
    <test started-at="2026-07-10T16:43:35 ICT" name="Default test" finished-at="2026-07-10T16:47:14 ICT" duration-ms="218264">
      <class name="runners.TestRunner">
        <test-method is-config="true" signature="setUpClass(org.testng.ITestContext)[pri:0, instance:runners.TestRunner@78830d9a]" started-at="2026-07-10T16:43:35 ICT" name="setUpClass" finished-at="2026-07-10T16:43:38 ICT" duration-ms="2549" status="PASS">
          <params>
            <param index="0">
              <value>
                <![CDATA[org.testng.TestRunner@17e7cc67]]>
              </value>
            </param>
          </params>
          <reporter-output>
          </reporter-output>
        </test-method> <!-- setUpClass -->
        <test-method signature="runScenario(io.cucumber.testng.PickleWrapper,io.cucumber.testng.FeatureWrapper)[pri:0, instance:runners.TestRunner@78830d9a]" started-at="2026-07-10T16:43:38 ICT" name="runScenario" description="Runs Cucumber Scenarios" data-provider="scenarios" finished-at="2026-07-10T16:47:13 ICT" duration-ms="215432" status="PASS">
          <params>
            <param index="0">
              <value>
                <![CDATA["Verify that cost of product in list page and details page are equal"]]>
              </value>
            </param>
            <param index="1">
              <value>
                <![CDATA["Mobile Product Feature"]]>
              </value>
            </param>
          </params>
          <reporter-output>
          </reporter-output>
        </test-method> <!-- runScenario -->
        <test-method is-config="true" signature="tearDownClass()[pri:0, instance:runners.TestRunner@78830d9a]" started-at="2026-07-10T16:47:13 ICT" name="tearDownClass" finished-at="2026-07-10T16:47:14 ICT" duration-ms="99" status="PASS">
          <reporter-output>
          </reporter-output>
        </test-method> <!-- tearDownClass -->
      </class> <!-- runners.TestRunner -->
    </test> <!-- Default test -->
  </suite> <!-- Default suite -->
</testng-results>
