<?xml version="1.0" encoding="UTF-8"?>
<!-- Generated by org.testng.reporters.JUnitReportReporter -->
<testsuite hostname="EVIZI-078" failures="1" tests="1" name="runners.TestRunner" time="30.825" errors="0" timestamp="2026-07-14T11:47:50 ICT" skipped="0">
  <testcase classname="runners.TestRunner" name="runScenario" time="30.825">
    <failure message="🚨 Lỗi: Không tìm thấy tên chào mừng! expected [true] but found [false]" type="java.lang.AssertionError">
      <![CDATA[java.lang.AssertionError: 🚨 Lỗi: Không tìm thấy tên chào mừng! expected [true] but found [false]
at org.testng.Assert.fail(Assert.java:111)
at org.testng.Assert.failNotEquals(Assert.java:1578)
at org.testng.Assert.assertTrue(Assert.java:57)
at stepDefinitions.LoginSteps.verifyDashboardDetails(LoginSteps.java:46)
at ✽.the user verifies page title is "My Account", URL contains "customer/account" and welcome message contains "Long  Nguyen"(file:///D:/Automation%20FC/01%20-%20Software/eclipse-java-2025-12-R-win32-x86_64/Automation_Approach/src/test/resources/features/login.feature:14)
]]>
    </failure>
  </testcase> <!-- runScenario -->
</testsuite> <!-- runners.TestRunner -->
